<?xml version="1.0" encoding="UTF-8"?>
<!-- Generated by org.testng.reporters.JUnitReportReporter -->
<testsuite hostname="LAPTOP-PV30024D" failures="0" tests="1" name="register.TC_RF_008" time="3.893" errors="0" timestamp="2025-09-06T21:12:17 IST" skipped="0">
  <testcase classname="register.TC_RF_008" name="verifyRegisteringAccountByProvidingMismatchedPassword" time="3.893"/>
</testsuite> <!-- register.TC_RF_008 -->
