<?xml version="1.0" encoding="UTF-8"?>
<!-- Generated by org.testng.reporters.JUnitReportReporter -->
<testsuite hostname="LAPTOP-PV30024D" failures="0" tests="1" name="register.TC_RF_003" time="4.493" errors="0" timestamp="2025-09-03T23:06:21 IST" skipped="0">
  <testcase classname="register.TC_RF_003" name="verifyRegisteringAccount" time="4.493"/>
</testsuite> <!-- register.TC_RF_003 -->
