<?xml version="1.0" encoding="UTF-8"?>
<!-- Generated by org.testng.reporters.JUnitReportReporter -->
<testsuite hostname="LAPTOP-PV30024D" failures="0" tests="1" name="register.TC_RF_003" time="7.303" errors="0" timestamp="2025-08-17T19:00:21 IST" skipped="0">
  <testcase classname="register.TC_RF_003" name="verifyRegisteringAccount" time="7.303"/>
</testsuite> <!-- register.TC_RF_003 -->
