<?xml version="1.0" encoding="UTF-8"?>
<!-- Generated by org.testng.reporters.JUnitReportReporter -->
<testsuite hostname="LAPTOP-PV30024D" failures="0" tests="1" name="register.TC_RF_005" time="7.192" errors="0" timestamp="2025-09-04T20:30:37 IST" skipped="0">
  <testcase classname="register.TC_RF_005" name="verifyRegisteringAccountBySubscribingToNewsletter" time="7.192"/>
</testsuite> <!-- register.TC_RF_005 -->
