<?xml version="1.0" encoding="UTF-8"?>
<!-- Generated by org.testng.reporters.JUnitReportReporter -->
<testsuite hostname="LAPTOP-PV30024D" failures="0" tests="1" name="register.TC_RF_009" time="4.111" errors="0" timestamp="2025-09-08T07:41:48 IST" skipped="0">
  <testcase classname="register.TC_RF_009" name="verifyRegisteringAccountByProvidingExistingAccountDetails" time="4.111"/>
</testsuite> <!-- register.TC_RF_009 -->
