<?xml version="1.0" encoding="UTF-8"?>
<!-- Generated by org.testng.reporters.JUnitReportReporter -->
<testsuite hostname="LAPTOP-PV30024D" failures="0" tests="1" name="register.TC_RF_006" time="8.222" errors="0" timestamp="2025-09-06T18:49:52 IST" skipped="0">
  <testcase classname="register.TC_RF_006" name="verifyRegisteringAccountByNotSubscribingToNewsletter" time="8.222"/>
</testsuite> <!-- register.TC_RF_006 -->
