<?xml version="1.0" encoding="UTF-8"?>
<!-- Generated by org.testng.reporters.JUnitReportReporter -->
<testsuite hostname="LAPTOP-PV30024D" failures="0" tests="1" name="register.TC_RF_005" time="10.047" errors="0" timestamp="2025-09-06T18:44:10 IST" skipped="0">
  <testcase classname="register.TC_RF_005" name="verifyRegisteringAccountBySubscribingToNewsletter" time="10.047"/>
</testsuite> <!-- register.TC_RF_005 -->
