<?xml version="1.0" encoding="UTF-8"?>
<!-- Generated by org.testng.reporters.JUnitReportReporter -->
<testsuite hostname="LAPTOP-PV30024D" failures="0" tests="1" name="register.TC_RF_001" time="6.378" errors="0" timestamp="2025-08-17T12:58:49 IST" skipped="0">
  <testcase classname="register.TC_RF_001" name="verifyRegisteringAccount" time="6.378"/>
</testsuite> <!-- register.TC_RF_001 -->
